<?xml version="1.0" encoding="UTF-8"?>
<!-- Generated by org.testng.reporters.JUnitReportReporter -->
<testsuite skipped="0" hostname="DESKTOP-OM13QHJ" name="testcases.LoginTest" tests="1" failures="0" timestamp="25 Aug 2020 13:38:25 GMT" time="29.933" errors="0">
  <testcase name="login" time="29.933" classname="testcases.LoginTest"/>
</testsuite> <!-- testcases.LoginTest -->
